<?xml version="1.0" encoding="UTF-8"?>
<testsuite xmlns:xsi="http://www.w3.org/2001/XMLSchema-instance" xsi:noNamespaceSchemaLocation="https://maven.apache.org/surefire/maven-surefire-plugin/xsd/surefire-test-report-3.0.xsd" version="3.0" name="com.example.apiservice.ApiServiceApplicationTests" time="4.232" tests="1" errors="0" skipped="0" failures="0">
  <properties>
[...]
</properties>
  <testcase name="contextLoads" classname="com.example.apiservice.ApiServiceApplicationTests" time="1.217">
    <system-out><![CDATA[23:05:10.302 [main] INFO org.springframework.test.context.support.AnnotationConfigContextLoaderUtils -- Could not detect default configuration classes for test class [com.example.apiservice.ApiServiceApplicationTests]: ApiServiceApplicationTests does not declare any static, non-private, non-final, nested classes annotated with @Configuration.
23:05:10.502 [main] INFO org.springframework.boot.test.context.SpringBootTestContextBootstrapper -- Found @SpringBootConfiguration com.example.apiservice.ApiServiceApplication for test class com.example.apiservice.ApiServiceApplicationTests
  .   ____          _            __ _ _
 /\\ / ___'_ __ _ _(_)_ __  __ _ \ \ \ \
( ( )\___ | '_ | '_| | '_ \/ _` | \ \ \ \
 \\/  ___)| |_)| | | | | || (_| |  ) ) ) )
  '  |____| .__|_| |_|_| |_\__, | / / / /
 =========|_|==============|___/=/_/_/_/

 :: Spring Boot ::       (v3.3.0-SNAPSHOT)

2024-04-02T23:05:11.215+07:00  INFO [product-service,,] 19744 --- [product-service] [           main] c.e.a.ApiServiceApplicationTests         : Starting ApiServiceApplicationTests using Java 17.0.6 with PID 19744 (started by nhoho in D:\otel-microservices-demo\api-service)
2024-04-02T23:05:11.217+07:00  INFO [product-service,,] 19744 --- [product-service] [           main] c.e.a.ApiServiceApplicationTests         : No active profile set, falling back to 1 default profile: "default"
2024-04-02T23:05:13.000+07:00  INFO [product-service,,] 19744 --- [product-service] [           main] c.e.a.ApiServiceApplicationTests         : Started ApiServiceApplicationTests in 2.375 seconds (process running for 4.346)
]]></system-out>
  </testcase>
</testsuite>